# JRE version: Java(TM) SE Runtime Environment (8.0_45-b15) (build 1.8.0_45-b15)
# Java VM: Java HotSpot(TM) 64-Bit Server VM (25.45-b02 mixed mode windows-amd64 compressed oops)
Heap:
 PSYoungGen      total 77312K, used 11029K [0x00000000eab00000, 0x00000000efe00000, 0x0000000100000000)
  eden space 70144K, 8% used [0x00000000eab00000,0x00000000eb0cf050,0x00000000eef80000)
  from space 7168K, 70% used [0x00000000eef80000,0x00000000ef476710,0x00000000ef680000)
  to   space 6656K, 0% used [0x00000000ef680000,0x00000000ef680000,0x00000000efd00000)
 ParOldGen       total 44032K, used 26256K [0x00000000c0000000, 0x00000000c2b00000, 0x00000000eab00000)
  object space 44032K, 59% used [0x00000000c0000000,0x00000000c19a40d0,0x00000000c2b00000)
 Metaspace       used 7960K, capacity 8264K, committed 8576K, reserved 1056768K
  class space    used 764K, capacity 819K, committed 896K, reserved 1048576K
GC Heap History (10 events):
Event: 16.539 GC heap before
{Heap before GC invocations=7 (full 0):
 PSYoungGen      total 28672K, used 28182K [0x00000000eab00000, 0x00000000ed900000, 0x0000000100000000)
  eden space 22016K, 100% used [0x00000000eab00000,0x00000000ec080000,0x00000000ec080000)
  from space 6656K, 92% used [0x00000000ec780000,0x00000000ecd85b40,0x00000000ece00000)
  to   space 7168K, 0% used [0x00000000ec080000,0x00000000ec080000,0x00000000ec780000)
 ParOldGen       total 44032K, used 14061K [0x00000000c0000000, 0x00000000c2b00000, 0x00000000eab00000)
  object space 44032K, 31% used [0x00000000c0000000,0x00000000c0dbb518,0x00000000c2b00000)
 Metaspace       used 7830K, capacity 8226K, committed 8576K, reserved 1056768K
  class space    used 753K, capacity 786K, committed 896K, reserved 1048576K
Event: 16.550 GC heap after
Heap after GC invocations=7 (full 0):
 PSYoungGen      total 29184K, used 4707K [0x00000000eab00000, 0x00000000ee400000, 0x0000000100000000)
  eden space 22016K, 0% used [0x00000000eab00000,0x00000000eab00000,0x00000000ec080000)
  from space 7168K, 65% used [0x00000000ec080000,0x00000000ec518d48,0x00000000ec780000)
  to   space 7168K, 0% used [0x00000000edd00000,0x00000000edd00000,0x00000000ee400000)
 ParOldGen       total 44032K, used 15080K [0x00000000c0000000, 0x00000000c2b00000, 0x00000000eab00000)
  object space 44032K, 34% used [0x00000000c0000000,0x00000000c0eba2b8,0x00000000c2b00000)
 Metaspace       used 7830K, capacity 8226K, committed 8576K, reserved 1056768K
  class space    used 753K, capacity 786K, committed 896K, reserved 1048576K
}
Event: 16.659 GC heap before
{Heap before GC invocations=8 (full 0):
 PSYoungGen      total 29184K, used 26723K [0x00000000eab00000, 0x00000000ee400000, 0x0000000100000000)
  eden space 22016K, 100% used [0x00000000eab00000,0x00000000ec080000,0x00000000ec080000)
  from space 7168K, 65% used [0x00000000ec080000,0x00000000ec518d48,0x00000000ec780000)
  to   space 7168K, 0% used [0x00000000edd00000,0x00000000edd00000,0x00000000ee400000)
 ParOldGen       total 44032K, used 15080K [0x00000000c0000000, 0x00000000c2b00000, 0x00000000eab00000)
  object space 44032K, 34% used [0x00000000c0000000,0x00000000c0eba2b8,0x00000000c2b00000)
 Metaspace       used 7843K, capacity 8226K, committed 8576K, reserved 1056768K
  class space    used 754K, capacity 786K, committed 896K, reserved 1048576K
Event: 16.667 GC heap after
Heap after GC invocations=8 (full 0):
 PSYoungGen      total 51200K, used 5668K [0x00000000eab00000, 0x00000000ee400000, 0x0000000100000000)
  eden space 44032K, 0% used [0x00000000eab00000,0x00000000eab00000,0x00000000ed600000)
  from space 7168K, 79% used [0x00000000edd00000,0x00000000ee2890f0,0x00000000ee400000)
  to   space 7168K, 0% used [0x00000000ed600000,0x00000000ed600000,0x00000000edd00000)
 ParOldGen       total 44032K, used 19780K [0x00000000c0000000, 0x00000000c2b00000, 0x00000000eab00000)
  object space 44032K, 44% used [0x00000000c0000000,0x00000000c13513c8,0x00000000c2b00000)
 Metaspace       used 7843K, capacity 8226K, committed 8576K, reserved 1056768K
  class space    used 754K, capacity 786K, committed 896K, reserved 1048576K
}
Event: 16.843 GC heap before
{Heap before GC invocations=9 (full 0):
 PSYoungGen      total 51200K, used 49700K [0x00000000eab00000, 0x00000000ee400000, 0x0000000100000000)
  eden space 44032K, 100% used [0x00000000eab00000,0x00000000ed600000,0x00000000ed600000)
  from space 7168K, 79% used [0x00000000edd00000,0x00000000ee2890f0,0x00000000ee400000)
  to   space 7168K, 0% used [0x00000000ed600000,0x00000000ed600000,0x00000000edd00000)
 ParOldGen       total 44032K, used 19780K [0x00000000c0000000, 0x00000000c2b00000, 0x00000000eab00000)
  object space 44032K, 44% used [0x00000000c0000000,0x00000000c13513c8,0x00000000c2b00000)
 Metaspace       used 7854K, capacity 8226K, committed 8576K, reserved 1056768K
  class space    used 754K, capacity 786K, committed 896K, reserved 1048576K
Event: 16.849 GC heap after
Heap after GC invocations=9 (full 0):
 PSYoungGen      total 51200K, used 5195K [0x00000000eab00000, 0x00000000efd00000, 0x0000000100000000)
  eden space 44032K, 0% used [0x00000000eab00000,0x00000000eab00000,0x00000000ed600000)
  from space 7168K, 72% used [0x00000000ed600000,0x00000000edb12f20,0x00000000edd00000)
  to   space 6656K, 0% used [0x00000000ef680000,0x00000000ef680000,0x00000000efd00000)
 ParOldGen       total 44032K, used 20178K [0x00000000c0000000, 0x00000000c2b00000, 0x00000000eab00000)
  object space 44032K, 45% used [0x00000000c0000000,0x00000000c13b49c8,0x00000000c2b00000)
 Metaspace       used 7854K, capacity 8226K, committed 8576K, reserved 1056768K
  class space    used 754K, capacity 786K, committed 896K, reserved 1048576K
}
Event: 17.012 GC heap before
{Heap before GC invocations=10 (full 0):
 PSYoungGen      total 51200K, used 49227K [0x00000000eab00000, 0x00000000efd00000, 0x0000000100000000)
  eden space 44032K, 100% used [0x00000000eab00000,0x00000000ed600000,0x00000000ed600000)
  from space 7168K, 72% used [0x00000000ed600000,0x00000000edb12f20,0x00000000edd00000)
  to   space 6656K, 0% used [0x00000000ef680000,0x00000000ef680000,0x00000000efd00000)
 ParOldGen       total 44032K, used 20178K [0x00000000c0000000, 0x00000000c2b00000, 0x00000000eab00000)
  object space 44032K, 45% used [0x00000000c0000000,0x00000000c13b49c8,0x00000000c2b00000)
 Metaspace       used 7861K, capacity 8226K, committed 8576K, reserved 1056768K
  class space    used 754K, capacity 786K, committed 896K, reserved 1048576K
Event: 17.017 GC heap after
Heap after GC invocations=10 (full 0):
 PSYoungGen      total 76800K, used 6337K [0x00000000eab00000, 0x00000000efe00000, 0x0000000100000000)
  eden space 70144K, 0% used [0x00000000eab00000,0x00000000eab00000,0x00000000eef80000)
  from space 6656K, 95% used [0x00000000ef680000,0x00000000efcb0438,0x00000000efd00000)
  to   space 7168K, 0% used [0x00000000eef80000,0x00000000eef80000,0x00000000ef680000)
 ParOldGen       total 44032K, used 23095K [0x00000000c0000000, 0x00000000c2b00000, 0x00000000eab00000)
  object space 44032K, 52% used [0x00000000c0000000,0x00000000c168df28,0x00000000c2b00000)
 Metaspace       used 7861K, capacity 8226K, committed 8576K, reserved 1056768K
  class space    used 754K, capacity 786K, committed 896K, reserved 1048576K
}
Event: 17.311 GC heap before
{Heap before GC invocations=11 (full 0):
 PSYoungGen      total 76800K, used 74920K [0x00000000eab00000, 0x00000000efe00000, 0x0000000100000000)
  eden space 70144K, 97% used [0x00000000eab00000,0x00000000eedf9c70,0x00000000eef80000)
  from space 6656K, 95% used [0x00000000ef680000,0x00000000efcb0438,0x00000000efd00000)
  to   space 7168K, 0% used [0x00000000eef80000,0x00000000eef80000,0x00000000ef680000)
 ParOldGen       total 44032K, used 23095K [0x00000000c0000000, 0x00000000c2b00000, 0x00000000eab00000)
  object space 44032K, 52% used [0x00000000c0000000,0x00000000c168df28,0x00000000c2b00000)
 Metaspace       used 7952K, capacity 8264K, committed 8576K, reserved 1056768K
  class space    used 762K, capacity 819K, committed 896K, reserved 1048576K
Event: 17.316 GC heap after
Heap after GC invocations=11 (full 0):
 PSYoungGen      total 77312K, used 5081K [0x00000000eab00000, 0x00000000efe00000, 0x0000000100000000)
  eden space 70144K, 0% used [0x00000000eab00000,0x00000000eab00000,0x00000000eef80000)
  from space 7168K, 70% used [0x00000000eef80000,0x00000000ef476710,0x00000000ef680000)
  to   space 6656K, 0% used [0x00000000ef680000,0x00000000ef680000,0x00000000efd00000)
 ParOldGen       total 44032K, used 26256K [0x00000000c0000000, 0x00000000c2b00000, 0x00000000eab00000)
  object space 44032K, 59% used [0x00000000c0000000,0x00000000c19a40d0,0x00000000c2b00000)
 Metaspace       used 7952K, capacity 8264K, committed 8576K, reserved 1056768K
  class space    used 762K, capacity 819K, committed 896K, reserved 1048576K
}

